


ARM Macro Assembler    Page 1 


    1 00000000         ;/******************************************************
                       ********************//**
    2 00000000         ; * @file startup_efm32gg.s
    3 00000000         ; * @brief    CMSIS Core Device Startup File for
    4 00000000         ; *           Silicon Labs EFM32GG Device Series
    5 00000000         ; * @version 4.2.1
    6 00000000         ; * @date     03. February 2012
    7 00000000         ; *
    8 00000000         ; * @note
    9 00000000         ; * Copyright (C) 2012 ARM Limited. All rights reserved.
                       
   10 00000000         ; *
   11 00000000         ; * @par
   12 00000000         ; * ARM Limited (ARM) is supplying this software for use
                        with Cortex-M
   13 00000000         ; * processor based microcontrollers.  This file can be 
                       freely distributed
   14 00000000         ; * within development tools that are supporting such AR
                       M based processors.
   15 00000000         ; *
   16 00000000         ; * @par
   17 00000000         ; * THIS SOFTWARE IS PROVIDED "AS IS".  NO WARRANTIES, W
                       HETHER EXPRESS, IMPLIED
   18 00000000         ; * OR STATUTORY, INCLUDING, BUT NOT LIMITED TO, IMPLIED
                        WARRANTIES OF
   19 00000000         ; * MERCHANTABILITY AND FITNESS FOR A PARTICULAR PURPOSE
                        APPLY TO THIS SOFTWARE.
   20 00000000         ; * ARM SHALL NOT, IN ANY CIRCUMSTANCES, BE LIABLE FOR S
                       PECIAL, INCIDENTAL, OR
   21 00000000         ; * CONSEQUENTIAL DAMAGES, FOR ANY REASON WHATSOEVER.
   22 00000000         ; *
   23 00000000         ; ******************************************************
                       ************************/
   24 00000000         ;/*
   25 00000000         ;//-------- <<< Use Configuration Wizard in Context Menu
                        >>> ------------------
   26 00000000         ;*/
   27 00000000         
   28 00000000         ; <h> Stack Configuration
   29 00000000         ;   <o> Stack Size (in Bytes) <0x0-0xFFFFFFFF:8>
   30 00000000         ; </h>
   31 00000000         
   32 00000000 00000400 
                       Stack_Size
                               EQU              0x00000400
   33 00000000         
   34 00000000                 AREA             STACK, NOINIT, READWRITE, ALIGN
=3
   35 00000000         Stack_Mem
                               SPACE            Stack_Size
   36 00000400         __initial_sp
   37 00000400         
   38 00000400         
   39 00000400         ; <h> Heap Configuration
   40 00000400         ;   <o>  Heap Size (in Bytes) <0x0-0xFFFFFFFF:8>
   41 00000400         ; </h>
   42 00000400         
   43 00000400 00000C00 
                       Heap_Size



ARM Macro Assembler    Page 2 


                               EQU              0x00000C00
   44 00000400         
   45 00000400                 AREA             HEAP, NOINIT, READWRITE, ALIGN=
3
   46 00000000         __heap_base
   47 00000000         Heap_Mem
                               SPACE            Heap_Size
   48 00000C00         __heap_limit
   49 00000C00         
   50 00000C00         
   51 00000C00                 PRESERVE8
   52 00000C00                 THUMB
   53 00000C00         
   54 00000C00         
   55 00000C00         ; Vector Table Mapped to Address 0 at Reset
   56 00000C00         
   57 00000C00                 AREA             RESET, DATA, READONLY, ALIGN=8
   58 00000000                 EXPORT           __Vectors
   59 00000000                 EXPORT           __Vectors_End
   60 00000000                 EXPORT           __Vectors_Size
   61 00000000         
   62 00000000 00000000 
                       __Vectors
                               DCD              __initial_sp ; Top of Stack
   63 00000004 00000000        DCD              Reset_Handler ; Reset Handler
   64 00000008 00000000        DCD              NMI_Handler ; NMI Handler
   65 0000000C 00000000        DCD              HardFault_Handler ; Hard Fault 
                                                            Handler
   66 00000010 00000000        DCD              MemManage_Handler 
                                                            ; MPU Fault Handler
                                                            
   67 00000014 00000000        DCD              BusFault_Handler 
                                                            ; Bus Fault Handler
                                                            
   68 00000018 00000000        DCD              UsageFault_Handler ; Usage Faul
                                                            t Handler
   69 0000001C 00000000        DCD              0           ; Reserved
   70 00000020 00000000        DCD              0           ; Reserved
   71 00000024 00000000        DCD              0           ; Reserved
   72 00000028 00000000        DCD              0           ; Reserved
   73 0000002C 00000000        DCD              SVC_Handler ; SVCall Handler
   74 00000030 00000000        DCD              DebugMon_Handler ; Debug Monito
                                                            r Handler
   75 00000034 00000000        DCD              0           ; Reserved
   76 00000038 00000000        DCD              PendSV_Handler ; PendSV Handler
                                                            
   77 0000003C 00000000        DCD              SysTick_Handler 
                                                            ; SysTick Handler
   78 00000040         
   79 00000040         ; External Interrupts
   80 00000040         
   81 00000040 00000000        DCD              DMA_IRQHandler 
                                                            ; 0: DMA Interrupt
   82 00000044 00000000        DCD              GPIO_EVEN_IRQHandler ; 1: GPIO_
                                                            EVEN Interrupt
   83 00000048 00000000        DCD              TIMER0_IRQHandler ; 2: TIMER0 I
                                                            nterrupt
   84 0000004C 00000000        DCD              USART0_RX_IRQHandler ; 3: USART
                                                            0_RX Interrupt



ARM Macro Assembler    Page 3 


   85 00000050 00000000        DCD              USART0_TX_IRQHandler ; 4: USART
                                                            0_TX Interrupt
   86 00000054 00000000        DCD              USB_IRQHandler 
                                                            ; 5: USB Interrupt
   87 00000058 00000000        DCD              ACMP0_IRQHandler ; 6: ACMP0 Int
                                                            errupt
   88 0000005C 00000000        DCD              ADC0_IRQHandler 
                                                            ; 7: ADC0 Interrupt
                                                            
   89 00000060 00000000        DCD              DAC0_IRQHandler 
                                                            ; 8: DAC0 Interrupt
                                                            
   90 00000064 00000000        DCD              I2C0_IRQHandler 
                                                            ; 9: I2C0 Interrupt
                                                            
   91 00000068 00000000        DCD              I2C1_IRQHandler ; 10: I2C1 Inte
                                                            rrupt
   92 0000006C 00000000        DCD              GPIO_ODD_IRQHandler ; 11: GPIO_
                                                            ODD Interrupt
   93 00000070 00000000        DCD              TIMER1_IRQHandler ; 12: TIMER1 
                                                            Interrupt
   94 00000074 00000000        DCD              TIMER2_IRQHandler ; 13: TIMER2 
                                                            Interrupt
   95 00000078 00000000        DCD              TIMER3_IRQHandler ; 14: TIMER3 
                                                            Interrupt
   96 0000007C 00000000        DCD              USART1_RX_IRQHandler ; 15: USAR
                                                            T1_RX Interrupt
   97 00000080 00000000        DCD              USART1_TX_IRQHandler ; 16: USAR
                                                            T1_TX Interrupt
   98 00000084 00000000        DCD              LESENSE_IRQHandler ; 17: LESENS
                                                            E Interrupt
   99 00000088 00000000        DCD              USART2_RX_IRQHandler ; 18: USAR
                                                            T2_RX Interrupt
  100 0000008C 00000000        DCD              USART2_TX_IRQHandler ; 19: USAR
                                                            T2_TX Interrupt
  101 00000090 00000000        DCD              UART0_RX_IRQHandler ; 20: UART0
                                                            _RX Interrupt
  102 00000094 00000000        DCD              UART0_TX_IRQHandler ; 21: UART0
                                                            _TX Interrupt
  103 00000098 00000000        DCD              UART1_RX_IRQHandler ; 22: UART1
                                                            _RX Interrupt
  104 0000009C 00000000        DCD              UART1_TX_IRQHandler ; 23: UART1
                                                            _TX Interrupt
  105 000000A0 00000000        DCD              LEUART0_IRQHandler ; 24: LEUART
                                                            0 Interrupt
  106 000000A4 00000000        DCD              LEUART1_IRQHandler ; 25: LEUART
                                                            1 Interrupt
  107 000000A8 00000000        DCD              LETIMER0_IRQHandler ; 26: LETIM
                                                            ER0 Interrupt
  108 000000AC 00000000        DCD              PCNT0_IRQHandler ; 27: PCNT0 In
                                                            terrupt
  109 000000B0 00000000        DCD              PCNT1_IRQHandler ; 28: PCNT1 In
                                                            terrupt
  110 000000B4 00000000        DCD              PCNT2_IRQHandler ; 29: PCNT2 In
                                                            terrupt
  111 000000B8 00000000        DCD              RTC_IRQHandler 
                                                            ; 30: RTC Interrupt
                                                            
  112 000000BC 00000000        DCD              BURTC_IRQHandler ; 31: BURTC In



ARM Macro Assembler    Page 4 


                                                            terrupt
  113 000000C0 00000000        DCD              CMU_IRQHandler 
                                                            ; 32: CMU Interrupt
                                                            
  114 000000C4 00000000        DCD              VCMP_IRQHandler ; 33: VCMP Inte
                                                            rrupt
  115 000000C8 00000000        DCD              LCD_IRQHandler 
                                                            ; 34: LCD Interrupt
                                                            
  116 000000CC 00000000        DCD              MSC_IRQHandler 
                                                            ; 35: MSC Interrupt
                                                            
  117 000000D0 00000000        DCD              AES_IRQHandler 
                                                            ; 36: AES Interrupt
                                                            
  118 000000D4 00000000        DCD              EBI_IRQHandler 
                                                            ; 37: EBI Interrupt
                                                            
  119 000000D8 00000000        DCD              EMU_IRQHandler 
                                                            ; 38: EMU Interrupt
                                                            
  120 000000DC         
  121 000000DC         __Vectors_End
  122 000000DC 000000DC 
                       __Vectors_Size
                               EQU              __Vectors_End - __Vectors
  123 000000DC         
  124 000000DC                 AREA             |.text|, CODE, READONLY
  125 00000000         
  126 00000000         
  127 00000000         ; Reset Handler
  128 00000000         
  129 00000000         Reset_Handler
                               PROC
  130 00000000                 EXPORT           Reset_Handler             [WEAK
]
  131 00000000                 IMPORT           SystemInit
  132 00000000                 IMPORT           __main
  133 00000000 4809            LDR              R0, =SystemInit
  134 00000002 4780            BLX              R0
  135 00000004 4809            LDR              R0, =__main
  136 00000006 4700            BX               R0
  137 00000008                 ENDP
  138 00000008         
  139 00000008         
  140 00000008         ; Dummy Exception Handlers (infinite loops which can be 
                       modified)
  141 00000008         
  142 00000008         NMI_Handler
                               PROC
  143 00000008                 EXPORT           NMI_Handler               [WEAK
]
  144 00000008 E7FE            B                .
  145 0000000A                 ENDP
  147 0000000A         HardFault_Handler
                               PROC
  148 0000000A                 EXPORT           HardFault_Handler         [WEAK
]
  149 0000000A E7FE            B                .



ARM Macro Assembler    Page 5 


  150 0000000C                 ENDP
  152 0000000C         MemManage_Handler
                               PROC
  153 0000000C                 EXPORT           MemManage_Handler         [WEAK
]
  154 0000000C E7FE            B                .
  155 0000000E                 ENDP
  157 0000000E         BusFault_Handler
                               PROC
  158 0000000E                 EXPORT           BusFault_Handler          [WEAK
]
  159 0000000E E7FE            B                .
  160 00000010                 ENDP
  162 00000010         UsageFault_Handler
                               PROC
  163 00000010                 EXPORT           UsageFault_Handler        [WEAK
]
  164 00000010 E7FE            B                .
  165 00000012                 ENDP
  166 00000012         SVC_Handler
                               PROC
  167 00000012                 EXPORT           SVC_Handler               [WEAK
]
  168 00000012 E7FE            B                .
  169 00000014                 ENDP
  171 00000014         DebugMon_Handler
                               PROC
  172 00000014                 EXPORT           DebugMon_Handler          [WEAK
]
  173 00000014 E7FE            B                .
  174 00000016                 ENDP
  175 00000016         PendSV_Handler
                               PROC
  176 00000016                 EXPORT           PendSV_Handler            [WEAK
]
  177 00000016 E7FE            B                .
  178 00000018                 ENDP
  179 00000018         SysTick_Handler
                               PROC
  180 00000018                 EXPORT           SysTick_Handler           [WEAK
]
  181 00000018 E7FE            B                .
  182 0000001A                 ENDP
  183 0000001A         
  184 0000001A         Default_Handler
                               PROC
  185 0000001A                 EXPORT           DMA_IRQHandler        [WEAK]
  186 0000001A                 EXPORT           GPIO_EVEN_IRQHandler        [WE
AK]
  187 0000001A                 EXPORT           TIMER0_IRQHandler        [WEAK]
  188 0000001A                 EXPORT           USART0_RX_IRQHandler        [WE
AK]
  189 0000001A                 EXPORT           USART0_TX_IRQHandler        [WE
AK]
  190 0000001A                 EXPORT           USB_IRQHandler        [WEAK]
  191 0000001A                 EXPORT           ACMP0_IRQHandler        [WEAK]
  192 0000001A                 EXPORT           ADC0_IRQHandler        [WEAK]
  193 0000001A                 EXPORT           DAC0_IRQHandler        [WEAK]
  194 0000001A                 EXPORT           I2C0_IRQHandler        [WEAK]



ARM Macro Assembler    Page 6 


  195 0000001A                 EXPORT           I2C1_IRQHandler        [WEAK]
  196 0000001A                 EXPORT           GPIO_ODD_IRQHandler        [WEA
K]
  197 0000001A                 EXPORT           TIMER1_IRQHandler        [WEAK]
  198 0000001A                 EXPORT           TIMER2_IRQHandler        [WEAK]
  199 0000001A                 EXPORT           TIMER3_IRQHandler        [WEAK]
  200 0000001A                 EXPORT           USART1_RX_IRQHandler        [WE
AK]
  201 0000001A                 EXPORT           USART1_TX_IRQHandler        [WE
AK]
  202 0000001A                 EXPORT           LESENSE_IRQHandler        [WEAK
]
  203 0000001A                 EXPORT           USART2_RX_IRQHandler        [WE
AK]
  204 0000001A                 EXPORT           USART2_TX_IRQHandler        [WE
AK]
  205 0000001A                 EXPORT           UART0_RX_IRQHandler        [WEA
K]
  206 0000001A                 EXPORT           UART0_TX_IRQHandler        [WEA
K]
  207 0000001A                 EXPORT           UART1_RX_IRQHandler        [WEA
K]
  208 0000001A                 EXPORT           UART1_TX_IRQHandler        [WEA
K]
  209 0000001A                 EXPORT           LEUART0_IRQHandler        [WEAK
]
  210 0000001A                 EXPORT           LEUART1_IRQHandler        [WEAK
]
  211 0000001A                 EXPORT           LETIMER0_IRQHandler        [WEA
K]
  212 0000001A                 EXPORT           PCNT0_IRQHandler        [WEAK]
  213 0000001A                 EXPORT           PCNT1_IRQHandler        [WEAK]
  214 0000001A                 EXPORT           PCNT2_IRQHandler        [WEAK]
  215 0000001A                 EXPORT           RTC_IRQHandler        [WEAK]
  216 0000001A                 EXPORT           BURTC_IRQHandler        [WEAK]
  217 0000001A                 EXPORT           CMU_IRQHandler        [WEAK]
  218 0000001A                 EXPORT           VCMP_IRQHandler        [WEAK]
  219 0000001A                 EXPORT           LCD_IRQHandler        [WEAK]
  220 0000001A                 EXPORT           MSC_IRQHandler        [WEAK]
  221 0000001A                 EXPORT           AES_IRQHandler        [WEAK]
  222 0000001A                 EXPORT           EBI_IRQHandler        [WEAK]
  223 0000001A                 EXPORT           EMU_IRQHandler        [WEAK]
  224 0000001A         
  225 0000001A         
  226 0000001A         DMA_IRQHandler
  227 0000001A         GPIO_EVEN_IRQHandler
  228 0000001A         TIMER0_IRQHandler
  229 0000001A         USART0_RX_IRQHandler
  230 0000001A         USART0_TX_IRQHandler
  231 0000001A         USB_IRQHandler
  232 0000001A         ACMP0_IRQHandler
  233 0000001A         ADC0_IRQHandler
  234 0000001A         DAC0_IRQHandler
  235 0000001A         I2C0_IRQHandler
  236 0000001A         I2C1_IRQHandler
  237 0000001A         GPIO_ODD_IRQHandler
  238 0000001A         TIMER1_IRQHandler
  239 0000001A         TIMER2_IRQHandler
  240 0000001A         TIMER3_IRQHandler



ARM Macro Assembler    Page 7 


  241 0000001A         USART1_RX_IRQHandler
  242 0000001A         USART1_TX_IRQHandler
  243 0000001A         LESENSE_IRQHandler
  244 0000001A         USART2_RX_IRQHandler
  245 0000001A         USART2_TX_IRQHandler
  246 0000001A         UART0_RX_IRQHandler
  247 0000001A         UART0_TX_IRQHandler
  248 0000001A         UART1_RX_IRQHandler
  249 0000001A         UART1_TX_IRQHandler
  250 0000001A         LEUART0_IRQHandler
  251 0000001A         LEUART1_IRQHandler
  252 0000001A         LETIMER0_IRQHandler
  253 0000001A         PCNT0_IRQHandler
  254 0000001A         PCNT1_IRQHandler
  255 0000001A         PCNT2_IRQHandler
  256 0000001A         RTC_IRQHandler
  257 0000001A         BURTC_IRQHandler
  258 0000001A         CMU_IRQHandler
  259 0000001A         VCMP_IRQHandler
  260 0000001A         LCD_IRQHandler
  261 0000001A         MSC_IRQHandler
  262 0000001A         AES_IRQHandler
  263 0000001A         EBI_IRQHandler
  264 0000001A         EMU_IRQHandler
  265 0000001A E7FE            B                .
  266 0000001C                 ENDP
  267 0000001C         
  268 0000001C                 ALIGN
  269 0000001C         
  270 0000001C         ; User Initial Stack & Heap
  271 0000001C         
  272 0000001C                 IF               :DEF:__MICROLIB
  279 0000001C         
  280 0000001C                 IMPORT           __use_two_region_memory
  281 0000001C                 EXPORT           __user_initial_stackheap
  282 0000001C         
  283 0000001C         __user_initial_stackheap
                               PROC
  284 0000001C 4804            LDR              R0, =  Heap_Mem
  285 0000001E 4905            LDR              R1, =(Stack_Mem + Stack_Size)
  286 00000020 4A05            LDR              R2, = (Heap_Mem +  Heap_Size)
  287 00000022 4B06            LDR              R3, = Stack_Mem
  288 00000024 4770            BX               LR
  289 00000026                 ENDP
  290 00000026         
  291 00000026 00 00           ALIGN
  292 00000028         
  293 00000028                 ENDIF
  294 00000028         
  295 00000028                 END
              00000000 
              00000000 
              00000000 
              00000400 
              00000C00 
              00000000 
Command Line: --debug --xref --diag_suppress=9931 --cpu=Cortex-M3 --apcs=interw
ork --depend=.\objects\startup_efm32gg.d -o.\objects\startup_efm32gg.o -ID:\Kei
l\WifiEFM\RTE -ID:\Keil\WifiEFM\RTE\Device\EFM32GG980F1024 -IC:\Keil_v5\ARM\PAC



ARM Macro Assembler    Page 8 


K\ARM\CMSIS\5.0.0-Beta4\CMSIS\Include -IC:\Keil_v5\ARM\PACK\ARM\CMSIS\5.0.0-Bet
a4\CMSIS\RTOS\RTX\INC -IC:\Keil_v5\ARM\PACK\Keil\EFM32GGxxx_DFP\2.3.0\Device\EF
M32GG\Include -IC:\Keil_v5\ARM\PACK\Keil\EFM32GGxxx_DFP\2.3.0\emlib\inc --prede
fine="__RTX SETA 1" --predefine="__UVISION_VERSION SETA 520" --predefine="_RTE_
 SETA 1" --predefine="EFM32GG980F1024 SETA 1" --list=.\listings\startup_efm32gg
.lst RTE\Device\EFM32GG980F1024\startup_efm32gg.s



ARM Macro Assembler    Page 1 Alphabetic symbol ordering
Relocatable symbols

STACK 00000000

Symbol: STACK
   Definitions
      At line 34 in file RTE\Device\EFM32GG980F1024\startup_efm32gg.s
   Uses
      None
Comment: STACK unused
Stack_Mem 00000000

Symbol: Stack_Mem
   Definitions
      At line 35 in file RTE\Device\EFM32GG980F1024\startup_efm32gg.s
   Uses
      At line 285 in file RTE\Device\EFM32GG980F1024\startup_efm32gg.s
      At line 287 in file RTE\Device\EFM32GG980F1024\startup_efm32gg.s

__initial_sp 00000400

Symbol: __initial_sp
   Definitions
      At line 36 in file RTE\Device\EFM32GG980F1024\startup_efm32gg.s
   Uses
      At line 62 in file RTE\Device\EFM32GG980F1024\startup_efm32gg.s
Comment: __initial_sp used once
3 symbols



ARM Macro Assembler    Page 1 Alphabetic symbol ordering
Relocatable symbols

HEAP 00000000

Symbol: HEAP
   Definitions
      At line 45 in file RTE\Device\EFM32GG980F1024\startup_efm32gg.s
   Uses
      None
Comment: HEAP unused
Heap_Mem 00000000

Symbol: Heap_Mem
   Definitions
      At line 47 in file RTE\Device\EFM32GG980F1024\startup_efm32gg.s
   Uses
      At line 284 in file RTE\Device\EFM32GG980F1024\startup_efm32gg.s
      At line 286 in file RTE\Device\EFM32GG980F1024\startup_efm32gg.s

__heap_base 00000000

Symbol: __heap_base
   Definitions
      At line 46 in file RTE\Device\EFM32GG980F1024\startup_efm32gg.s
   Uses
      None
Comment: __heap_base unused
__heap_limit 00000C00

Symbol: __heap_limit
   Definitions
      At line 48 in file RTE\Device\EFM32GG980F1024\startup_efm32gg.s
   Uses
      None
Comment: __heap_limit unused
4 symbols



ARM Macro Assembler    Page 1 Alphabetic symbol ordering
Relocatable symbols

RESET 00000000

Symbol: RESET
   Definitions
      At line 57 in file RTE\Device\EFM32GG980F1024\startup_efm32gg.s
   Uses
      None
Comment: RESET unused
__Vectors 00000000

Symbol: __Vectors
   Definitions
      At line 62 in file RTE\Device\EFM32GG980F1024\startup_efm32gg.s
   Uses
      At line 58 in file RTE\Device\EFM32GG980F1024\startup_efm32gg.s
      At line 122 in file RTE\Device\EFM32GG980F1024\startup_efm32gg.s

__Vectors_End 000000DC

Symbol: __Vectors_End
   Definitions
      At line 121 in file RTE\Device\EFM32GG980F1024\startup_efm32gg.s
   Uses
      At line 59 in file RTE\Device\EFM32GG980F1024\startup_efm32gg.s
      At line 122 in file RTE\Device\EFM32GG980F1024\startup_efm32gg.s

3 symbols



ARM Macro Assembler    Page 1 Alphabetic symbol ordering
Relocatable symbols

.text 00000000

Symbol: .text
   Definitions
      At line 124 in file RTE\Device\EFM32GG980F1024\startup_efm32gg.s
   Uses
      None
Comment: .text unused
ACMP0_IRQHandler 0000001A

Symbol: ACMP0_IRQHandler
   Definitions
      At line 232 in file RTE\Device\EFM32GG980F1024\startup_efm32gg.s
   Uses
      At line 87 in file RTE\Device\EFM32GG980F1024\startup_efm32gg.s
      At line 191 in file RTE\Device\EFM32GG980F1024\startup_efm32gg.s

ADC0_IRQHandler 0000001A

Symbol: ADC0_IRQHandler
   Definitions
      At line 233 in file RTE\Device\EFM32GG980F1024\startup_efm32gg.s
   Uses
      At line 88 in file RTE\Device\EFM32GG980F1024\startup_efm32gg.s
      At line 192 in file RTE\Device\EFM32GG980F1024\startup_efm32gg.s

AES_IRQHandler 0000001A

Symbol: AES_IRQHandler
   Definitions
      At line 262 in file RTE\Device\EFM32GG980F1024\startup_efm32gg.s
   Uses
      At line 117 in file RTE\Device\EFM32GG980F1024\startup_efm32gg.s
      At line 221 in file RTE\Device\EFM32GG980F1024\startup_efm32gg.s

BURTC_IRQHandler 0000001A

Symbol: BURTC_IRQHandler
   Definitions
      At line 257 in file RTE\Device\EFM32GG980F1024\startup_efm32gg.s
   Uses
      At line 112 in file RTE\Device\EFM32GG980F1024\startup_efm32gg.s
      At line 216 in file RTE\Device\EFM32GG980F1024\startup_efm32gg.s

BusFault_Handler 0000000E

Symbol: BusFault_Handler
   Definitions
      At line 157 in file RTE\Device\EFM32GG980F1024\startup_efm32gg.s
   Uses
      At line 67 in file RTE\Device\EFM32GG980F1024\startup_efm32gg.s
      At line 158 in file RTE\Device\EFM32GG980F1024\startup_efm32gg.s

CMU_IRQHandler 0000001A

Symbol: CMU_IRQHandler
   Definitions
      At line 258 in file RTE\Device\EFM32GG980F1024\startup_efm32gg.s
   Uses



ARM Macro Assembler    Page 2 Alphabetic symbol ordering
Relocatable symbols

      At line 113 in file RTE\Device\EFM32GG980F1024\startup_efm32gg.s
      At line 217 in file RTE\Device\EFM32GG980F1024\startup_efm32gg.s

DAC0_IRQHandler 0000001A

Symbol: DAC0_IRQHandler
   Definitions
      At line 234 in file RTE\Device\EFM32GG980F1024\startup_efm32gg.s
   Uses
      At line 89 in file RTE\Device\EFM32GG980F1024\startup_efm32gg.s
      At line 193 in file RTE\Device\EFM32GG980F1024\startup_efm32gg.s

DMA_IRQHandler 0000001A

Symbol: DMA_IRQHandler
   Definitions
      At line 226 in file RTE\Device\EFM32GG980F1024\startup_efm32gg.s
   Uses
      At line 81 in file RTE\Device\EFM32GG980F1024\startup_efm32gg.s
      At line 185 in file RTE\Device\EFM32GG980F1024\startup_efm32gg.s

DebugMon_Handler 00000014

Symbol: DebugMon_Handler
   Definitions
      At line 171 in file RTE\Device\EFM32GG980F1024\startup_efm32gg.s
   Uses
      At line 74 in file RTE\Device\EFM32GG980F1024\startup_efm32gg.s
      At line 172 in file RTE\Device\EFM32GG980F1024\startup_efm32gg.s

Default_Handler 0000001A

Symbol: Default_Handler
   Definitions
      At line 184 in file RTE\Device\EFM32GG980F1024\startup_efm32gg.s
   Uses
      None
Comment: Default_Handler unused
EBI_IRQHandler 0000001A

Symbol: EBI_IRQHandler
   Definitions
      At line 263 in file RTE\Device\EFM32GG980F1024\startup_efm32gg.s
   Uses
      At line 118 in file RTE\Device\EFM32GG980F1024\startup_efm32gg.s
      At line 222 in file RTE\Device\EFM32GG980F1024\startup_efm32gg.s

EMU_IRQHandler 0000001A

Symbol: EMU_IRQHandler
   Definitions
      At line 264 in file RTE\Device\EFM32GG980F1024\startup_efm32gg.s
   Uses
      At line 119 in file RTE\Device\EFM32GG980F1024\startup_efm32gg.s
      At line 223 in file RTE\Device\EFM32GG980F1024\startup_efm32gg.s

GPIO_EVEN_IRQHandler 0000001A

Symbol: GPIO_EVEN_IRQHandler



ARM Macro Assembler    Page 3 Alphabetic symbol ordering
Relocatable symbols

   Definitions
      At line 227 in file RTE\Device\EFM32GG980F1024\startup_efm32gg.s
   Uses
      At line 82 in file RTE\Device\EFM32GG980F1024\startup_efm32gg.s
      At line 186 in file RTE\Device\EFM32GG980F1024\startup_efm32gg.s

GPIO_ODD_IRQHandler 0000001A

Symbol: GPIO_ODD_IRQHandler
   Definitions
      At line 237 in file RTE\Device\EFM32GG980F1024\startup_efm32gg.s
   Uses
      At line 92 in file RTE\Device\EFM32GG980F1024\startup_efm32gg.s
      At line 196 in file RTE\Device\EFM32GG980F1024\startup_efm32gg.s

HardFault_Handler 0000000A

Symbol: HardFault_Handler
   Definitions
      At line 147 in file RTE\Device\EFM32GG980F1024\startup_efm32gg.s
   Uses
      At line 65 in file RTE\Device\EFM32GG980F1024\startup_efm32gg.s
      At line 148 in file RTE\Device\EFM32GG980F1024\startup_efm32gg.s

I2C0_IRQHandler 0000001A

Symbol: I2C0_IRQHandler
   Definitions
      At line 235 in file RTE\Device\EFM32GG980F1024\startup_efm32gg.s
   Uses
      At line 90 in file RTE\Device\EFM32GG980F1024\startup_efm32gg.s
      At line 194 in file RTE\Device\EFM32GG980F1024\startup_efm32gg.s

I2C1_IRQHandler 0000001A

Symbol: I2C1_IRQHandler
   Definitions
      At line 236 in file RTE\Device\EFM32GG980F1024\startup_efm32gg.s
   Uses
      At line 91 in file RTE\Device\EFM32GG980F1024\startup_efm32gg.s
      At line 195 in file RTE\Device\EFM32GG980F1024\startup_efm32gg.s

LCD_IRQHandler 0000001A

Symbol: LCD_IRQHandler
   Definitions
      At line 260 in file RTE\Device\EFM32GG980F1024\startup_efm32gg.s
   Uses
      At line 115 in file RTE\Device\EFM32GG980F1024\startup_efm32gg.s
      At line 219 in file RTE\Device\EFM32GG980F1024\startup_efm32gg.s

LESENSE_IRQHandler 0000001A

Symbol: LESENSE_IRQHandler
   Definitions
      At line 243 in file RTE\Device\EFM32GG980F1024\startup_efm32gg.s
   Uses
      At line 98 in file RTE\Device\EFM32GG980F1024\startup_efm32gg.s
      At line 202 in file RTE\Device\EFM32GG980F1024\startup_efm32gg.s



ARM Macro Assembler    Page 4 Alphabetic symbol ordering
Relocatable symbols


LETIMER0_IRQHandler 0000001A

Symbol: LETIMER0_IRQHandler
   Definitions
      At line 252 in file RTE\Device\EFM32GG980F1024\startup_efm32gg.s
   Uses
      At line 107 in file RTE\Device\EFM32GG980F1024\startup_efm32gg.s
      At line 211 in file RTE\Device\EFM32GG980F1024\startup_efm32gg.s

LEUART0_IRQHandler 0000001A

Symbol: LEUART0_IRQHandler
   Definitions
      At line 250 in file RTE\Device\EFM32GG980F1024\startup_efm32gg.s
   Uses
      At line 105 in file RTE\Device\EFM32GG980F1024\startup_efm32gg.s
      At line 209 in file RTE\Device\EFM32GG980F1024\startup_efm32gg.s

LEUART1_IRQHandler 0000001A

Symbol: LEUART1_IRQHandler
   Definitions
      At line 251 in file RTE\Device\EFM32GG980F1024\startup_efm32gg.s
   Uses
      At line 106 in file RTE\Device\EFM32GG980F1024\startup_efm32gg.s
      At line 210 in file RTE\Device\EFM32GG980F1024\startup_efm32gg.s

MSC_IRQHandler 0000001A

Symbol: MSC_IRQHandler
   Definitions
      At line 261 in file RTE\Device\EFM32GG980F1024\startup_efm32gg.s
   Uses
      At line 116 in file RTE\Device\EFM32GG980F1024\startup_efm32gg.s
      At line 220 in file RTE\Device\EFM32GG980F1024\startup_efm32gg.s

MemManage_Handler 0000000C

Symbol: MemManage_Handler
   Definitions
      At line 152 in file RTE\Device\EFM32GG980F1024\startup_efm32gg.s
   Uses
      At line 66 in file RTE\Device\EFM32GG980F1024\startup_efm32gg.s
      At line 153 in file RTE\Device\EFM32GG980F1024\startup_efm32gg.s

NMI_Handler 00000008

Symbol: NMI_Handler
   Definitions
      At line 142 in file RTE\Device\EFM32GG980F1024\startup_efm32gg.s
   Uses
      At line 64 in file RTE\Device\EFM32GG980F1024\startup_efm32gg.s
      At line 143 in file RTE\Device\EFM32GG980F1024\startup_efm32gg.s

PCNT0_IRQHandler 0000001A

Symbol: PCNT0_IRQHandler
   Definitions



ARM Macro Assembler    Page 5 Alphabetic symbol ordering
Relocatable symbols

      At line 253 in file RTE\Device\EFM32GG980F1024\startup_efm32gg.s
   Uses
      At line 108 in file RTE\Device\EFM32GG980F1024\startup_efm32gg.s
      At line 212 in file RTE\Device\EFM32GG980F1024\startup_efm32gg.s

PCNT1_IRQHandler 0000001A

Symbol: PCNT1_IRQHandler
   Definitions
      At line 254 in file RTE\Device\EFM32GG980F1024\startup_efm32gg.s
   Uses
      At line 109 in file RTE\Device\EFM32GG980F1024\startup_efm32gg.s
      At line 213 in file RTE\Device\EFM32GG980F1024\startup_efm32gg.s

PCNT2_IRQHandler 0000001A

Symbol: PCNT2_IRQHandler
   Definitions
      At line 255 in file RTE\Device\EFM32GG980F1024\startup_efm32gg.s
   Uses
      At line 110 in file RTE\Device\EFM32GG980F1024\startup_efm32gg.s
      At line 214 in file RTE\Device\EFM32GG980F1024\startup_efm32gg.s

PendSV_Handler 00000016

Symbol: PendSV_Handler
   Definitions
      At line 175 in file RTE\Device\EFM32GG980F1024\startup_efm32gg.s
   Uses
      At line 76 in file RTE\Device\EFM32GG980F1024\startup_efm32gg.s
      At line 176 in file RTE\Device\EFM32GG980F1024\startup_efm32gg.s

RTC_IRQHandler 0000001A

Symbol: RTC_IRQHandler
   Definitions
      At line 256 in file RTE\Device\EFM32GG980F1024\startup_efm32gg.s
   Uses
      At line 111 in file RTE\Device\EFM32GG980F1024\startup_efm32gg.s
      At line 215 in file RTE\Device\EFM32GG980F1024\startup_efm32gg.s

Reset_Handler 00000000

Symbol: Reset_Handler
   Definitions
      At line 129 in file RTE\Device\EFM32GG980F1024\startup_efm32gg.s
   Uses
      At line 63 in file RTE\Device\EFM32GG980F1024\startup_efm32gg.s
      At line 130 in file RTE\Device\EFM32GG980F1024\startup_efm32gg.s

SVC_Handler 00000012

Symbol: SVC_Handler
   Definitions
      At line 166 in file RTE\Device\EFM32GG980F1024\startup_efm32gg.s
   Uses
      At line 73 in file RTE\Device\EFM32GG980F1024\startup_efm32gg.s
      At line 167 in file RTE\Device\EFM32GG980F1024\startup_efm32gg.s




ARM Macro Assembler    Page 6 Alphabetic symbol ordering
Relocatable symbols

SysTick_Handler 00000018

Symbol: SysTick_Handler
   Definitions
      At line 179 in file RTE\Device\EFM32GG980F1024\startup_efm32gg.s
   Uses
      At line 77 in file RTE\Device\EFM32GG980F1024\startup_efm32gg.s
      At line 180 in file RTE\Device\EFM32GG980F1024\startup_efm32gg.s

TIMER0_IRQHandler 0000001A

Symbol: TIMER0_IRQHandler
   Definitions
      At line 228 in file RTE\Device\EFM32GG980F1024\startup_efm32gg.s
   Uses
      At line 83 in file RTE\Device\EFM32GG980F1024\startup_efm32gg.s
      At line 187 in file RTE\Device\EFM32GG980F1024\startup_efm32gg.s

TIMER1_IRQHandler 0000001A

Symbol: TIMER1_IRQHandler
   Definitions
      At line 238 in file RTE\Device\EFM32GG980F1024\startup_efm32gg.s
   Uses
      At line 93 in file RTE\Device\EFM32GG980F1024\startup_efm32gg.s
      At line 197 in file RTE\Device\EFM32GG980F1024\startup_efm32gg.s

TIMER2_IRQHandler 0000001A

Symbol: TIMER2_IRQHandler
   Definitions
      At line 239 in file RTE\Device\EFM32GG980F1024\startup_efm32gg.s
   Uses
      At line 94 in file RTE\Device\EFM32GG980F1024\startup_efm32gg.s
      At line 198 in file RTE\Device\EFM32GG980F1024\startup_efm32gg.s

TIMER3_IRQHandler 0000001A

Symbol: TIMER3_IRQHandler
   Definitions
      At line 240 in file RTE\Device\EFM32GG980F1024\startup_efm32gg.s
   Uses
      At line 95 in file RTE\Device\EFM32GG980F1024\startup_efm32gg.s
      At line 199 in file RTE\Device\EFM32GG980F1024\startup_efm32gg.s

UART0_RX_IRQHandler 0000001A

Symbol: UART0_RX_IRQHandler
   Definitions
      At line 246 in file RTE\Device\EFM32GG980F1024\startup_efm32gg.s
   Uses
      At line 101 in file RTE\Device\EFM32GG980F1024\startup_efm32gg.s
      At line 205 in file RTE\Device\EFM32GG980F1024\startup_efm32gg.s

UART0_TX_IRQHandler 0000001A

Symbol: UART0_TX_IRQHandler
   Definitions
      At line 247 in file RTE\Device\EFM32GG980F1024\startup_efm32gg.s



ARM Macro Assembler    Page 7 Alphabetic symbol ordering
Relocatable symbols

   Uses
      At line 102 in file RTE\Device\EFM32GG980F1024\startup_efm32gg.s
      At line 206 in file RTE\Device\EFM32GG980F1024\startup_efm32gg.s

UART1_RX_IRQHandler 0000001A

Symbol: UART1_RX_IRQHandler
   Definitions
      At line 248 in file RTE\Device\EFM32GG980F1024\startup_efm32gg.s
   Uses
      At line 103 in file RTE\Device\EFM32GG980F1024\startup_efm32gg.s
      At line 207 in file RTE\Device\EFM32GG980F1024\startup_efm32gg.s

UART1_TX_IRQHandler 0000001A

Symbol: UART1_TX_IRQHandler
   Definitions
      At line 249 in file RTE\Device\EFM32GG980F1024\startup_efm32gg.s
   Uses
      At line 104 in file RTE\Device\EFM32GG980F1024\startup_efm32gg.s
      At line 208 in file RTE\Device\EFM32GG980F1024\startup_efm32gg.s

USART0_RX_IRQHandler 0000001A

Symbol: USART0_RX_IRQHandler
   Definitions
      At line 229 in file RTE\Device\EFM32GG980F1024\startup_efm32gg.s
   Uses
      At line 84 in file RTE\Device\EFM32GG980F1024\startup_efm32gg.s
      At line 188 in file RTE\Device\EFM32GG980F1024\startup_efm32gg.s

USART0_TX_IRQHandler 0000001A

Symbol: USART0_TX_IRQHandler
   Definitions
      At line 230 in file RTE\Device\EFM32GG980F1024\startup_efm32gg.s
   Uses
      At line 85 in file RTE\Device\EFM32GG980F1024\startup_efm32gg.s
      At line 189 in file RTE\Device\EFM32GG980F1024\startup_efm32gg.s

USART1_RX_IRQHandler 0000001A

Symbol: USART1_RX_IRQHandler
   Definitions
      At line 241 in file RTE\Device\EFM32GG980F1024\startup_efm32gg.s
   Uses
      At line 96 in file RTE\Device\EFM32GG980F1024\startup_efm32gg.s
      At line 200 in file RTE\Device\EFM32GG980F1024\startup_efm32gg.s

USART1_TX_IRQHandler 0000001A

Symbol: USART1_TX_IRQHandler
   Definitions
      At line 242 in file RTE\Device\EFM32GG980F1024\startup_efm32gg.s
   Uses
      At line 97 in file RTE\Device\EFM32GG980F1024\startup_efm32gg.s
      At line 201 in file RTE\Device\EFM32GG980F1024\startup_efm32gg.s

USART2_RX_IRQHandler 0000001A



ARM Macro Assembler    Page 8 Alphabetic symbol ordering
Relocatable symbols


Symbol: USART2_RX_IRQHandler
   Definitions
      At line 244 in file RTE\Device\EFM32GG980F1024\startup_efm32gg.s
   Uses
      At line 99 in file RTE\Device\EFM32GG980F1024\startup_efm32gg.s
      At line 203 in file RTE\Device\EFM32GG980F1024\startup_efm32gg.s

USART2_TX_IRQHandler 0000001A

Symbol: USART2_TX_IRQHandler
   Definitions
      At line 245 in file RTE\Device\EFM32GG980F1024\startup_efm32gg.s
   Uses
      At line 100 in file RTE\Device\EFM32GG980F1024\startup_efm32gg.s
      At line 204 in file RTE\Device\EFM32GG980F1024\startup_efm32gg.s

USB_IRQHandler 0000001A

Symbol: USB_IRQHandler
   Definitions
      At line 231 in file RTE\Device\EFM32GG980F1024\startup_efm32gg.s
   Uses
      At line 86 in file RTE\Device\EFM32GG980F1024\startup_efm32gg.s
      At line 190 in file RTE\Device\EFM32GG980F1024\startup_efm32gg.s

UsageFault_Handler 00000010

Symbol: UsageFault_Handler
   Definitions
      At line 162 in file RTE\Device\EFM32GG980F1024\startup_efm32gg.s
   Uses
      At line 68 in file RTE\Device\EFM32GG980F1024\startup_efm32gg.s
      At line 163 in file RTE\Device\EFM32GG980F1024\startup_efm32gg.s

VCMP_IRQHandler 0000001A

Symbol: VCMP_IRQHandler
   Definitions
      At line 259 in file RTE\Device\EFM32GG980F1024\startup_efm32gg.s
   Uses
      At line 114 in file RTE\Device\EFM32GG980F1024\startup_efm32gg.s
      At line 218 in file RTE\Device\EFM32GG980F1024\startup_efm32gg.s

__user_initial_stackheap 0000001C

Symbol: __user_initial_stackheap
   Definitions
      At line 283 in file RTE\Device\EFM32GG980F1024\startup_efm32gg.s
   Uses
      At line 281 in file RTE\Device\EFM32GG980F1024\startup_efm32gg.s
Comment: __user_initial_stackheap used once
52 symbols



ARM Macro Assembler    Page 1 Alphabetic symbol ordering
Absolute symbols

Heap_Size 00000C00

Symbol: Heap_Size
   Definitions
      At line 43 in file RTE\Device\EFM32GG980F1024\startup_efm32gg.s
   Uses
      At line 47 in file RTE\Device\EFM32GG980F1024\startup_efm32gg.s
      At line 286 in file RTE\Device\EFM32GG980F1024\startup_efm32gg.s

Stack_Size 00000400

Symbol: Stack_Size
   Definitions
      At line 32 in file RTE\Device\EFM32GG980F1024\startup_efm32gg.s
   Uses
      At line 35 in file RTE\Device\EFM32GG980F1024\startup_efm32gg.s
      At line 285 in file RTE\Device\EFM32GG980F1024\startup_efm32gg.s

__Vectors_Size 000000DC

Symbol: __Vectors_Size
   Definitions
      At line 122 in file RTE\Device\EFM32GG980F1024\startup_efm32gg.s
   Uses
      At line 60 in file RTE\Device\EFM32GG980F1024\startup_efm32gg.s
Comment: __Vectors_Size used once
3 symbols



ARM Macro Assembler    Page 1 Alphabetic symbol ordering
External symbols

SystemInit 00000000

Symbol: SystemInit
   Definitions
      At line 131 in file RTE\Device\EFM32GG980F1024\startup_efm32gg.s
   Uses
      At line 133 in file RTE\Device\EFM32GG980F1024\startup_efm32gg.s
Comment: SystemInit used once
__main 00000000

Symbol: __main
   Definitions
      At line 132 in file RTE\Device\EFM32GG980F1024\startup_efm32gg.s
   Uses
      At line 135 in file RTE\Device\EFM32GG980F1024\startup_efm32gg.s
Comment: __main used once
__use_two_region_memory 00000000

Symbol: __use_two_region_memory
   Definitions
      At line 280 in file RTE\Device\EFM32GG980F1024\startup_efm32gg.s
   Uses
      None
Comment: __use_two_region_memory unused
3 symbols
406 symbols in table
