


ARM Macro Assembler    Page 1 


    1 00000000         ;/******************************************************
                       ********************//**
    2 00000000         ; * @file startup_efm32g.s
    3 00000000         ; * @brief    CMSIS Core Device Startup File for
    4 00000000         ; *           Silicon Labs EFM32G Device Series
    5 00000000         ; * @version 4.2.1
    6 00000000         ; * @date     03. February 2012
    7 00000000         ; *
    8 00000000         ; * @note
    9 00000000         ; * Copyright (C) 2012 ARM Limited. All rights reserved.
                       
   10 00000000         ; *
   11 00000000         ; * @par
   12 00000000         ; * ARM Limited (ARM) is supplying this software for use
                        with Cortex-M
   13 00000000         ; * processor based microcontrollers.  This file can be 
                       freely distributed
   14 00000000         ; * within development tools that are supporting such AR
                       M based processors.
   15 00000000         ; *
   16 00000000         ; * @par
   17 00000000         ; * THIS SOFTWARE IS PROVIDED "AS IS".  NO WARRANTIES, W
                       HETHER EXPRESS, IMPLIED
   18 00000000         ; * OR STATUTORY, INCLUDING, BUT NOT LIMITED TO, IMPLIED
                        WARRANTIES OF
   19 00000000         ; * MERCHANTABILITY AND FITNESS FOR A PARTICULAR PURPOSE
                        APPLY TO THIS SOFTWARE.
   20 00000000         ; * ARM SHALL NOT, IN ANY CIRCUMSTANCES, BE LIABLE FOR S
                       PECIAL, INCIDENTAL, OR
   21 00000000         ; * CONSEQUENTIAL DAMAGES, FOR ANY REASON WHATSOEVER.
   22 00000000         ; *
   23 00000000         ; ******************************************************
                       ************************/
   24 00000000         ;/*
   25 00000000         ;//-------- <<< Use Configuration Wizard in Context Menu
                        >>> ------------------
   26 00000000         ;*/
   27 00000000         
   28 00000000         ; <h> Stack Configuration
   29 00000000         ;   <o> Stack Size (in Bytes) <0x0-0xFFFFFFFF:8>
   30 00000000         ; </h>
   31 00000000         
   32 00000000 00000400 
                       Stack_Size
                               EQU              0x00000400
   33 00000000         
   34 00000000                 AREA             STACK, NOINIT, READWRITE, ALIGN
=3
   35 00000000         Stack_Mem
                               SPACE            Stack_Size
   36 00000400         __initial_sp
   37 00000400         
   38 00000400         
   39 00000400         ; <h> Heap Configuration
   40 00000400         ;   <o>  Heap Size (in Bytes) <0x0-0xFFFFFFFF:8>
   41 00000400         ; </h>
   42 00000400         
   43 00000400 00000C00 
                       Heap_Size



ARM Macro Assembler    Page 2 


                               EQU              0x00000C00
   44 00000400         
   45 00000400                 AREA             HEAP, NOINIT, READWRITE, ALIGN=
3
   46 00000000         __heap_base
   47 00000000         Heap_Mem
                               SPACE            Heap_Size
   48 00000C00         __heap_limit
   49 00000C00         
   50 00000C00         
   51 00000C00                 PRESERVE8
   52 00000C00                 THUMB
   53 00000C00         
   54 00000C00         
   55 00000C00         ; Vector Table Mapped to Address 0 at Reset
   56 00000C00         
   57 00000C00                 AREA             RESET, DATA, READONLY, ALIGN=8
   58 00000000                 EXPORT           __Vectors
   59 00000000                 EXPORT           __Vectors_End
   60 00000000                 EXPORT           __Vectors_Size
   61 00000000         
   62 00000000 00000000 
                       __Vectors
                               DCD              __initial_sp ; Top of Stack
   63 00000004 00000000        DCD              Reset_Handler ; Reset Handler
   64 00000008 00000000        DCD              NMI_Handler ; NMI Handler
   65 0000000C 00000000        DCD              HardFault_Handler ; Hard Fault 
                                                            Handler
   66 00000010 00000000        DCD              MemManage_Handler 
                                                            ; MPU Fault Handler
                                                            
   67 00000014 00000000        DCD              BusFault_Handler 
                                                            ; Bus Fault Handler
                                                            
   68 00000018 00000000        DCD              UsageFault_Handler ; Usage Faul
                                                            t Handler
   69 0000001C 00000000        DCD              0           ; Reserved
   70 00000020 00000000        DCD              0           ; Reserved
   71 00000024 00000000        DCD              0           ; Reserved
   72 00000028 00000000        DCD              0           ; Reserved
   73 0000002C 00000000        DCD              SVC_Handler ; SVCall Handler
   74 00000030 00000000        DCD              DebugMon_Handler ; Debug Monito
                                                            r Handler
   75 00000034 00000000        DCD              0           ; Reserved
   76 00000038 00000000        DCD              PendSV_Handler ; PendSV Handler
                                                            
   77 0000003C 00000000        DCD              SysTick_Handler 
                                                            ; SysTick Handler
   78 00000040         
   79 00000040         ; External Interrupts
   80 00000040         
   81 00000040 00000000        DCD              DMA_IRQHandler 
                                                            ; 0: DMA Interrupt
   82 00000044 00000000        DCD              GPIO_EVEN_IRQHandler ; 1: GPIO_
                                                            EVEN Interrupt
   83 00000048 00000000        DCD              TIMER0_IRQHandler ; 2: TIMER0 I
                                                            nterrupt
   84 0000004C 00000000        DCD              USART0_RX_IRQHandler ; 3: USART
                                                            0_RX Interrupt



ARM Macro Assembler    Page 3 


   85 00000050 00000000        DCD              USART0_TX_IRQHandler ; 4: USART
                                                            0_TX Interrupt
   86 00000054 00000000        DCD              ACMP0_IRQHandler ; 5: ACMP0 Int
                                                            errupt
   87 00000058 00000000        DCD              ADC0_IRQHandler 
                                                            ; 6: ADC0 Interrupt
                                                            
   88 0000005C 00000000        DCD              DAC0_IRQHandler 
                                                            ; 7: DAC0 Interrupt
                                                            
   89 00000060 00000000        DCD              I2C0_IRQHandler 
                                                            ; 8: I2C0 Interrupt
                                                            
   90 00000064 00000000        DCD              GPIO_ODD_IRQHandler ; 9: GPIO_O
                                                            DD Interrupt
   91 00000068 00000000        DCD              TIMER1_IRQHandler ; 10: TIMER1 
                                                            Interrupt
   92 0000006C 00000000        DCD              TIMER2_IRQHandler ; 11: TIMER2 
                                                            Interrupt
   93 00000070 00000000        DCD              USART1_RX_IRQHandler ; 12: USAR
                                                            T1_RX Interrupt
   94 00000074 00000000        DCD              USART1_TX_IRQHandler ; 13: USAR
                                                            T1_TX Interrupt
   95 00000078 00000000        DCD              USART2_RX_IRQHandler ; 14: USAR
                                                            T2_RX Interrupt
   96 0000007C 00000000        DCD              USART2_TX_IRQHandler ; 15: USAR
                                                            T2_TX Interrupt
   97 00000080 00000000        DCD              UART0_RX_IRQHandler ; 16: UART0
                                                            _RX Interrupt
   98 00000084 00000000        DCD              UART0_TX_IRQHandler ; 17: UART0
                                                            _TX Interrupt
   99 00000088 00000000        DCD              LEUART0_IRQHandler ; 18: LEUART
                                                            0 Interrupt
  100 0000008C 00000000        DCD              LEUART1_IRQHandler ; 19: LEUART
                                                            1 Interrupt
  101 00000090 00000000        DCD              LETIMER0_IRQHandler ; 20: LETIM
                                                            ER0 Interrupt
  102 00000094 00000000        DCD              PCNT0_IRQHandler ; 21: PCNT0 In
                                                            terrupt
  103 00000098 00000000        DCD              PCNT1_IRQHandler ; 22: PCNT1 In
                                                            terrupt
  104 0000009C 00000000        DCD              PCNT2_IRQHandler ; 23: PCNT2 In
                                                            terrupt
  105 000000A0 00000000        DCD              RTC_IRQHandler 
                                                            ; 24: RTC Interrupt
                                                            
  106 000000A4 00000000        DCD              CMU_IRQHandler 
                                                            ; 25: CMU Interrupt
                                                            
  107 000000A8 00000000        DCD              VCMP_IRQHandler ; 26: VCMP Inte
                                                            rrupt
  108 000000AC 00000000        DCD              LCD_IRQHandler 
                                                            ; 27: LCD Interrupt
                                                            
  109 000000B0 00000000        DCD              MSC_IRQHandler 
                                                            ; 28: MSC Interrupt
                                                            
  110 000000B4 00000000        DCD              AES_IRQHandler 
                                                            ; 29: AES Interrupt



ARM Macro Assembler    Page 4 


                                                            
  111 000000B8 00000000        DCD              0           ; 30: Reserved
  112 000000BC         
  113 000000BC         __Vectors_End
  114 000000BC 000000BC 
                       __Vectors_Size
                               EQU              __Vectors_End - __Vectors
  115 000000BC         
  116 000000BC                 AREA             |.text|, CODE, READONLY
  117 00000000         
  118 00000000         
  119 00000000         ; Reset Handler
  120 00000000         
  121 00000000         Reset_Handler
                               PROC
  122 00000000                 EXPORT           Reset_Handler             [WEAK
]
  123 00000000                 IMPORT           SystemInit
  124 00000000                 IMPORT           __main
  125 00000000 4809            LDR              R0, =SystemInit
  126 00000002 4780            BLX              R0
  127 00000004 4809            LDR              R0, =__main
  128 00000006 4700            BX               R0
  129 00000008                 ENDP
  130 00000008         
  131 00000008         
  132 00000008         ; Dummy Exception Handlers (infinite loops which can be 
                       modified)
  133 00000008         
  134 00000008         NMI_Handler
                               PROC
  135 00000008                 EXPORT           NMI_Handler               [WEAK
]
  136 00000008 E7FE            B                .
  137 0000000A                 ENDP
  139 0000000A         HardFault_Handler
                               PROC
  140 0000000A                 EXPORT           HardFault_Handler         [WEAK
]
  141 0000000A E7FE            B                .
  142 0000000C                 ENDP
  144 0000000C         MemManage_Handler
                               PROC
  145 0000000C                 EXPORT           MemManage_Handler         [WEAK
]
  146 0000000C E7FE            B                .
  147 0000000E                 ENDP
  149 0000000E         BusFault_Handler
                               PROC
  150 0000000E                 EXPORT           BusFault_Handler          [WEAK
]
  151 0000000E E7FE            B                .
  152 00000010                 ENDP
  154 00000010         UsageFault_Handler
                               PROC
  155 00000010                 EXPORT           UsageFault_Handler        [WEAK
]
  156 00000010 E7FE            B                .
  157 00000012                 ENDP



ARM Macro Assembler    Page 5 


  158 00000012         SVC_Handler
                               PROC
  159 00000012                 EXPORT           SVC_Handler               [WEAK
]
  160 00000012 E7FE            B                .
  161 00000014                 ENDP
  163 00000014         DebugMon_Handler
                               PROC
  164 00000014                 EXPORT           DebugMon_Handler          [WEAK
]
  165 00000014 E7FE            B                .
  166 00000016                 ENDP
  167 00000016         PendSV_Handler
                               PROC
  168 00000016                 EXPORT           PendSV_Handler            [WEAK
]
  169 00000016 E7FE            B                .
  170 00000018                 ENDP
  171 00000018         SysTick_Handler
                               PROC
  172 00000018                 EXPORT           SysTick_Handler           [WEAK
]
  173 00000018 E7FE            B                .
  174 0000001A                 ENDP
  175 0000001A         
  176 0000001A         Default_Handler
                               PROC
  177 0000001A                 EXPORT           DMA_IRQHandler        [WEAK]
  178 0000001A                 EXPORT           GPIO_EVEN_IRQHandler        [WE
AK]
  179 0000001A                 EXPORT           TIMER0_IRQHandler        [WEAK]
  180 0000001A                 EXPORT           USART0_RX_IRQHandler        [WE
AK]
  181 0000001A                 EXPORT           USART0_TX_IRQHandler        [WE
AK]
  182 0000001A                 EXPORT           ACMP0_IRQHandler        [WEAK]
  183 0000001A                 EXPORT           ADC0_IRQHandler        [WEAK]
  184 0000001A                 EXPORT           DAC0_IRQHandler        [WEAK]
  185 0000001A                 EXPORT           I2C0_IRQHandler        [WEAK]
  186 0000001A                 EXPORT           GPIO_ODD_IRQHandler        [WEA
K]
  187 0000001A                 EXPORT           TIMER1_IRQHandler        [WEAK]
  188 0000001A                 EXPORT           TIMER2_IRQHandler        [WEAK]
  189 0000001A                 EXPORT           USART1_RX_IRQHandler        [WE
AK]
  190 0000001A                 EXPORT           USART1_TX_IRQHandler        [WE
AK]
  191 0000001A                 EXPORT           USART2_RX_IRQHandler        [WE
AK]
  192 0000001A                 EXPORT           USART2_TX_IRQHandler        [WE
AK]
  193 0000001A                 EXPORT           UART0_RX_IRQHandler        [WEA
K]
  194 0000001A                 EXPORT           UART0_TX_IRQHandler        [WEA
K]
  195 0000001A                 EXPORT           LEUART0_IRQHandler        [WEAK
]
  196 0000001A                 EXPORT           LEUART1_IRQHandler        [WEAK
]



ARM Macro Assembler    Page 6 


  197 0000001A                 EXPORT           LETIMER0_IRQHandler        [WEA
K]
  198 0000001A                 EXPORT           PCNT0_IRQHandler        [WEAK]
  199 0000001A                 EXPORT           PCNT1_IRQHandler        [WEAK]
  200 0000001A                 EXPORT           PCNT2_IRQHandler        [WEAK]
  201 0000001A                 EXPORT           RTC_IRQHandler        [WEAK]
  202 0000001A                 EXPORT           CMU_IRQHandler        [WEAK]
  203 0000001A                 EXPORT           VCMP_IRQHandler        [WEAK]
  204 0000001A                 EXPORT           LCD_IRQHandler        [WEAK]
  205 0000001A                 EXPORT           MSC_IRQHandler        [WEAK]
  206 0000001A                 EXPORT           AES_IRQHandler        [WEAK]
  207 0000001A         
  208 0000001A         
  209 0000001A         DMA_IRQHandler
  210 0000001A         GPIO_EVEN_IRQHandler
  211 0000001A         TIMER0_IRQHandler
  212 0000001A         USART0_RX_IRQHandler
  213 0000001A         USART0_TX_IRQHandler
  214 0000001A         ACMP0_IRQHandler
  215 0000001A         ADC0_IRQHandler
  216 0000001A         DAC0_IRQHandler
  217 0000001A         I2C0_IRQHandler
  218 0000001A         GPIO_ODD_IRQHandler
  219 0000001A         TIMER1_IRQHandler
  220 0000001A         TIMER2_IRQHandler
  221 0000001A         USART1_RX_IRQHandler
  222 0000001A         USART1_TX_IRQHandler
  223 0000001A         USART2_RX_IRQHandler
  224 0000001A         USART2_TX_IRQHandler
  225 0000001A         UART0_RX_IRQHandler
  226 0000001A         UART0_TX_IRQHandler
  227 0000001A         LEUART0_IRQHandler
  228 0000001A         LEUART1_IRQHandler
  229 0000001A         LETIMER0_IRQHandler
  230 0000001A         PCNT0_IRQHandler
  231 0000001A         PCNT1_IRQHandler
  232 0000001A         PCNT2_IRQHandler
  233 0000001A         RTC_IRQHandler
  234 0000001A         CMU_IRQHandler
  235 0000001A         VCMP_IRQHandler
  236 0000001A         LCD_IRQHandler
  237 0000001A         MSC_IRQHandler
  238 0000001A         AES_IRQHandler
  239 0000001A         
  240 0000001A E7FE            B                .
  241 0000001C                 ENDP
  242 0000001C         
  243 0000001C                 ALIGN
  244 0000001C         
  245 0000001C         ; User Initial Stack & Heap
  246 0000001C         
  247 0000001C                 IF               :DEF:__MICROLIB
  254 0000001C         
  255 0000001C                 IMPORT           __use_two_region_memory
  256 0000001C                 EXPORT           __user_initial_stackheap
  257 0000001C         
  258 0000001C         __user_initial_stackheap
                               PROC
  259 0000001C 4804            LDR              R0, =  Heap_Mem



ARM Macro Assembler    Page 7 


  260 0000001E 4905            LDR              R1, =(Stack_Mem + Stack_Size)
  261 00000020 4A05            LDR              R2, = (Heap_Mem +  Heap_Size)
  262 00000022 4B06            LDR              R3, = Stack_Mem
  263 00000024 4770            BX               LR
  264 00000026                 ENDP
  265 00000026         
  266 00000026 00 00           ALIGN
  267 00000028         
  268 00000028                 ENDIF
  269 00000028         
  270 00000028                 END
              00000000 
              00000000 
              00000000 
              00000400 
              00000C00 
              00000000 
Command Line: --debug --xref --diag_suppress=9931 --cpu=Cortex-M3 --apcs=interw
ork --depend=.\objects\startup_efm32g.d -o.\objects\startup_efm32g.o -ID:\Keil\
LoRa-WAN-Node\RTE -IC:\Keil_v5\ARM\PACK\ARM\CMSIS\5.0.0-Beta4\CMSIS\Include -IC
:\Keil_v5\ARM\PACK\ARM\CMSIS\5.0.0-Beta4\CMSIS\RTOS\RTX\INC -IC:\Keil_v5\ARM\PA
CK\Keil\EFM32GGxxx_DFP\2.2.0\Device\EFM32GG\Include -IC:\Keil_v5\ARM\PACK\Keil\
EFM32Gxxx_DFP\1.2.0\Device\EFM32G\Include -IC:\Keil_v5\ARM\PACK\Keil\EFM32Gxxx_
DFP\1.2.0\emlib\inc --predefine="__RTX SETA 1" --predefine="__UVISION_VERSION S
ETA 520" --predefine="_RTE_ SETA 1" --predefine="EFM32GG980F1024 SETA 1" --list
=.\listings\startup_efm32g.lst RTE\Device\EFM32GG980F1024\startup_efm32g.s



ARM Macro Assembler    Page 1 Alphabetic symbol ordering
Relocatable symbols

STACK 00000000

Symbol: STACK
   Definitions
      At line 34 in file RTE\Device\EFM32GG980F1024\startup_efm32g.s
   Uses
      None
Comment: STACK unused
Stack_Mem 00000000

Symbol: Stack_Mem
   Definitions
      At line 35 in file RTE\Device\EFM32GG980F1024\startup_efm32g.s
   Uses
      At line 260 in file RTE\Device\EFM32GG980F1024\startup_efm32g.s
      At line 262 in file RTE\Device\EFM32GG980F1024\startup_efm32g.s

__initial_sp 00000400

Symbol: __initial_sp
   Definitions
      At line 36 in file RTE\Device\EFM32GG980F1024\startup_efm32g.s
   Uses
      At line 62 in file RTE\Device\EFM32GG980F1024\startup_efm32g.s
Comment: __initial_sp used once
3 symbols



ARM Macro Assembler    Page 1 Alphabetic symbol ordering
Relocatable symbols

HEAP 00000000

Symbol: HEAP
   Definitions
      At line 45 in file RTE\Device\EFM32GG980F1024\startup_efm32g.s
   Uses
      None
Comment: HEAP unused
Heap_Mem 00000000

Symbol: Heap_Mem
   Definitions
      At line 47 in file RTE\Device\EFM32GG980F1024\startup_efm32g.s
   Uses
      At line 259 in file RTE\Device\EFM32GG980F1024\startup_efm32g.s
      At line 261 in file RTE\Device\EFM32GG980F1024\startup_efm32g.s

__heap_base 00000000

Symbol: __heap_base
   Definitions
      At line 46 in file RTE\Device\EFM32GG980F1024\startup_efm32g.s
   Uses
      None
Comment: __heap_base unused
__heap_limit 00000C00

Symbol: __heap_limit
   Definitions
      At line 48 in file RTE\Device\EFM32GG980F1024\startup_efm32g.s
   Uses
      None
Comment: __heap_limit unused
4 symbols



ARM Macro Assembler    Page 1 Alphabetic symbol ordering
Relocatable symbols

RESET 00000000

Symbol: RESET
   Definitions
      At line 57 in file RTE\Device\EFM32GG980F1024\startup_efm32g.s
   Uses
      None
Comment: RESET unused
__Vectors 00000000

Symbol: __Vectors
   Definitions
      At line 62 in file RTE\Device\EFM32GG980F1024\startup_efm32g.s
   Uses
      At line 58 in file RTE\Device\EFM32GG980F1024\startup_efm32g.s
      At line 114 in file RTE\Device\EFM32GG980F1024\startup_efm32g.s

__Vectors_End 000000BC

Symbol: __Vectors_End
   Definitions
      At line 113 in file RTE\Device\EFM32GG980F1024\startup_efm32g.s
   Uses
      At line 59 in file RTE\Device\EFM32GG980F1024\startup_efm32g.s
      At line 114 in file RTE\Device\EFM32GG980F1024\startup_efm32g.s

3 symbols



ARM Macro Assembler    Page 1 Alphabetic symbol ordering
Relocatable symbols

.text 00000000

Symbol: .text
   Definitions
      At line 116 in file RTE\Device\EFM32GG980F1024\startup_efm32g.s
   Uses
      None
Comment: .text unused
ACMP0_IRQHandler 0000001A

Symbol: ACMP0_IRQHandler
   Definitions
      At line 214 in file RTE\Device\EFM32GG980F1024\startup_efm32g.s
   Uses
      At line 86 in file RTE\Device\EFM32GG980F1024\startup_efm32g.s
      At line 182 in file RTE\Device\EFM32GG980F1024\startup_efm32g.s

ADC0_IRQHandler 0000001A

Symbol: ADC0_IRQHandler
   Definitions
      At line 215 in file RTE\Device\EFM32GG980F1024\startup_efm32g.s
   Uses
      At line 87 in file RTE\Device\EFM32GG980F1024\startup_efm32g.s
      At line 183 in file RTE\Device\EFM32GG980F1024\startup_efm32g.s

AES_IRQHandler 0000001A

Symbol: AES_IRQHandler
   Definitions
      At line 238 in file RTE\Device\EFM32GG980F1024\startup_efm32g.s
   Uses
      At line 110 in file RTE\Device\EFM32GG980F1024\startup_efm32g.s
      At line 206 in file RTE\Device\EFM32GG980F1024\startup_efm32g.s

BusFault_Handler 0000000E

Symbol: BusFault_Handler
   Definitions
      At line 149 in file RTE\Device\EFM32GG980F1024\startup_efm32g.s
   Uses
      At line 67 in file RTE\Device\EFM32GG980F1024\startup_efm32g.s
      At line 150 in file RTE\Device\EFM32GG980F1024\startup_efm32g.s

CMU_IRQHandler 0000001A

Symbol: CMU_IRQHandler
   Definitions
      At line 234 in file RTE\Device\EFM32GG980F1024\startup_efm32g.s
   Uses
      At line 106 in file RTE\Device\EFM32GG980F1024\startup_efm32g.s
      At line 202 in file RTE\Device\EFM32GG980F1024\startup_efm32g.s

DAC0_IRQHandler 0000001A

Symbol: DAC0_IRQHandler
   Definitions
      At line 216 in file RTE\Device\EFM32GG980F1024\startup_efm32g.s
   Uses



ARM Macro Assembler    Page 2 Alphabetic symbol ordering
Relocatable symbols

      At line 88 in file RTE\Device\EFM32GG980F1024\startup_efm32g.s
      At line 184 in file RTE\Device\EFM32GG980F1024\startup_efm32g.s

DMA_IRQHandler 0000001A

Symbol: DMA_IRQHandler
   Definitions
      At line 209 in file RTE\Device\EFM32GG980F1024\startup_efm32g.s
   Uses
      At line 81 in file RTE\Device\EFM32GG980F1024\startup_efm32g.s
      At line 177 in file RTE\Device\EFM32GG980F1024\startup_efm32g.s

DebugMon_Handler 00000014

Symbol: DebugMon_Handler
   Definitions
      At line 163 in file RTE\Device\EFM32GG980F1024\startup_efm32g.s
   Uses
      At line 74 in file RTE\Device\EFM32GG980F1024\startup_efm32g.s
      At line 164 in file RTE\Device\EFM32GG980F1024\startup_efm32g.s

Default_Handler 0000001A

Symbol: Default_Handler
   Definitions
      At line 176 in file RTE\Device\EFM32GG980F1024\startup_efm32g.s
   Uses
      None
Comment: Default_Handler unused
GPIO_EVEN_IRQHandler 0000001A

Symbol: GPIO_EVEN_IRQHandler
   Definitions
      At line 210 in file RTE\Device\EFM32GG980F1024\startup_efm32g.s
   Uses
      At line 82 in file RTE\Device\EFM32GG980F1024\startup_efm32g.s
      At line 178 in file RTE\Device\EFM32GG980F1024\startup_efm32g.s

GPIO_ODD_IRQHandler 0000001A

Symbol: GPIO_ODD_IRQHandler
   Definitions
      At line 218 in file RTE\Device\EFM32GG980F1024\startup_efm32g.s
   Uses
      At line 90 in file RTE\Device\EFM32GG980F1024\startup_efm32g.s
      At line 186 in file RTE\Device\EFM32GG980F1024\startup_efm32g.s

HardFault_Handler 0000000A

Symbol: HardFault_Handler
   Definitions
      At line 139 in file RTE\Device\EFM32GG980F1024\startup_efm32g.s
   Uses
      At line 65 in file RTE\Device\EFM32GG980F1024\startup_efm32g.s
      At line 140 in file RTE\Device\EFM32GG980F1024\startup_efm32g.s

I2C0_IRQHandler 0000001A

Symbol: I2C0_IRQHandler



ARM Macro Assembler    Page 3 Alphabetic symbol ordering
Relocatable symbols

   Definitions
      At line 217 in file RTE\Device\EFM32GG980F1024\startup_efm32g.s
   Uses
      At line 89 in file RTE\Device\EFM32GG980F1024\startup_efm32g.s
      At line 185 in file RTE\Device\EFM32GG980F1024\startup_efm32g.s

LCD_IRQHandler 0000001A

Symbol: LCD_IRQHandler
   Definitions
      At line 236 in file RTE\Device\EFM32GG980F1024\startup_efm32g.s
   Uses
      At line 108 in file RTE\Device\EFM32GG980F1024\startup_efm32g.s
      At line 204 in file RTE\Device\EFM32GG980F1024\startup_efm32g.s

LETIMER0_IRQHandler 0000001A

Symbol: LETIMER0_IRQHandler
   Definitions
      At line 229 in file RTE\Device\EFM32GG980F1024\startup_efm32g.s
   Uses
      At line 101 in file RTE\Device\EFM32GG980F1024\startup_efm32g.s
      At line 197 in file RTE\Device\EFM32GG980F1024\startup_efm32g.s

LEUART0_IRQHandler 0000001A

Symbol: LEUART0_IRQHandler
   Definitions
      At line 227 in file RTE\Device\EFM32GG980F1024\startup_efm32g.s
   Uses
      At line 99 in file RTE\Device\EFM32GG980F1024\startup_efm32g.s
      At line 195 in file RTE\Device\EFM32GG980F1024\startup_efm32g.s

LEUART1_IRQHandler 0000001A

Symbol: LEUART1_IRQHandler
   Definitions
      At line 228 in file RTE\Device\EFM32GG980F1024\startup_efm32g.s
   Uses
      At line 100 in file RTE\Device\EFM32GG980F1024\startup_efm32g.s
      At line 196 in file RTE\Device\EFM32GG980F1024\startup_efm32g.s

MSC_IRQHandler 0000001A

Symbol: MSC_IRQHandler
   Definitions
      At line 237 in file RTE\Device\EFM32GG980F1024\startup_efm32g.s
   Uses
      At line 109 in file RTE\Device\EFM32GG980F1024\startup_efm32g.s
      At line 205 in file RTE\Device\EFM32GG980F1024\startup_efm32g.s

MemManage_Handler 0000000C

Symbol: MemManage_Handler
   Definitions
      At line 144 in file RTE\Device\EFM32GG980F1024\startup_efm32g.s
   Uses
      At line 66 in file RTE\Device\EFM32GG980F1024\startup_efm32g.s
      At line 145 in file RTE\Device\EFM32GG980F1024\startup_efm32g.s



ARM Macro Assembler    Page 4 Alphabetic symbol ordering
Relocatable symbols


NMI_Handler 00000008

Symbol: NMI_Handler
   Definitions
      At line 134 in file RTE\Device\EFM32GG980F1024\startup_efm32g.s
   Uses
      At line 64 in file RTE\Device\EFM32GG980F1024\startup_efm32g.s
      At line 135 in file RTE\Device\EFM32GG980F1024\startup_efm32g.s

PCNT0_IRQHandler 0000001A

Symbol: PCNT0_IRQHandler
   Definitions
      At line 230 in file RTE\Device\EFM32GG980F1024\startup_efm32g.s
   Uses
      At line 102 in file RTE\Device\EFM32GG980F1024\startup_efm32g.s
      At line 198 in file RTE\Device\EFM32GG980F1024\startup_efm32g.s

PCNT1_IRQHandler 0000001A

Symbol: PCNT1_IRQHandler
   Definitions
      At line 231 in file RTE\Device\EFM32GG980F1024\startup_efm32g.s
   Uses
      At line 103 in file RTE\Device\EFM32GG980F1024\startup_efm32g.s
      At line 199 in file RTE\Device\EFM32GG980F1024\startup_efm32g.s

PCNT2_IRQHandler 0000001A

Symbol: PCNT2_IRQHandler
   Definitions
      At line 232 in file RTE\Device\EFM32GG980F1024\startup_efm32g.s
   Uses
      At line 104 in file RTE\Device\EFM32GG980F1024\startup_efm32g.s
      At line 200 in file RTE\Device\EFM32GG980F1024\startup_efm32g.s

PendSV_Handler 00000016

Symbol: PendSV_Handler
   Definitions
      At line 167 in file RTE\Device\EFM32GG980F1024\startup_efm32g.s
   Uses
      At line 76 in file RTE\Device\EFM32GG980F1024\startup_efm32g.s
      At line 168 in file RTE\Device\EFM32GG980F1024\startup_efm32g.s

RTC_IRQHandler 0000001A

Symbol: RTC_IRQHandler
   Definitions
      At line 233 in file RTE\Device\EFM32GG980F1024\startup_efm32g.s
   Uses
      At line 105 in file RTE\Device\EFM32GG980F1024\startup_efm32g.s
      At line 201 in file RTE\Device\EFM32GG980F1024\startup_efm32g.s

Reset_Handler 00000000

Symbol: Reset_Handler
   Definitions



ARM Macro Assembler    Page 5 Alphabetic symbol ordering
Relocatable symbols

      At line 121 in file RTE\Device\EFM32GG980F1024\startup_efm32g.s
   Uses
      At line 63 in file RTE\Device\EFM32GG980F1024\startup_efm32g.s
      At line 122 in file RTE\Device\EFM32GG980F1024\startup_efm32g.s

SVC_Handler 00000012

Symbol: SVC_Handler
   Definitions
      At line 158 in file RTE\Device\EFM32GG980F1024\startup_efm32g.s
   Uses
      At line 73 in file RTE\Device\EFM32GG980F1024\startup_efm32g.s
      At line 159 in file RTE\Device\EFM32GG980F1024\startup_efm32g.s

SysTick_Handler 00000018

Symbol: SysTick_Handler
   Definitions
      At line 171 in file RTE\Device\EFM32GG980F1024\startup_efm32g.s
   Uses
      At line 77 in file RTE\Device\EFM32GG980F1024\startup_efm32g.s
      At line 172 in file RTE\Device\EFM32GG980F1024\startup_efm32g.s

TIMER0_IRQHandler 0000001A

Symbol: TIMER0_IRQHandler
   Definitions
      At line 211 in file RTE\Device\EFM32GG980F1024\startup_efm32g.s
   Uses
      At line 83 in file RTE\Device\EFM32GG980F1024\startup_efm32g.s
      At line 179 in file RTE\Device\EFM32GG980F1024\startup_efm32g.s

TIMER1_IRQHandler 0000001A

Symbol: TIMER1_IRQHandler
   Definitions
      At line 219 in file RTE\Device\EFM32GG980F1024\startup_efm32g.s
   Uses
      At line 91 in file RTE\Device\EFM32GG980F1024\startup_efm32g.s
      At line 187 in file RTE\Device\EFM32GG980F1024\startup_efm32g.s

TIMER2_IRQHandler 0000001A

Symbol: TIMER2_IRQHandler
   Definitions
      At line 220 in file RTE\Device\EFM32GG980F1024\startup_efm32g.s
   Uses
      At line 92 in file RTE\Device\EFM32GG980F1024\startup_efm32g.s
      At line 188 in file RTE\Device\EFM32GG980F1024\startup_efm32g.s

UART0_RX_IRQHandler 0000001A

Symbol: UART0_RX_IRQHandler
   Definitions
      At line 225 in file RTE\Device\EFM32GG980F1024\startup_efm32g.s
   Uses
      At line 97 in file RTE\Device\EFM32GG980F1024\startup_efm32g.s
      At line 193 in file RTE\Device\EFM32GG980F1024\startup_efm32g.s




ARM Macro Assembler    Page 6 Alphabetic symbol ordering
Relocatable symbols

UART0_TX_IRQHandler 0000001A

Symbol: UART0_TX_IRQHandler
   Definitions
      At line 226 in file RTE\Device\EFM32GG980F1024\startup_efm32g.s
   Uses
      At line 98 in file RTE\Device\EFM32GG980F1024\startup_efm32g.s
      At line 194 in file RTE\Device\EFM32GG980F1024\startup_efm32g.s

USART0_RX_IRQHandler 0000001A

Symbol: USART0_RX_IRQHandler
   Definitions
      At line 212 in file RTE\Device\EFM32GG980F1024\startup_efm32g.s
   Uses
      At line 84 in file RTE\Device\EFM32GG980F1024\startup_efm32g.s
      At line 180 in file RTE\Device\EFM32GG980F1024\startup_efm32g.s

USART0_TX_IRQHandler 0000001A

Symbol: USART0_TX_IRQHandler
   Definitions
      At line 213 in file RTE\Device\EFM32GG980F1024\startup_efm32g.s
   Uses
      At line 85 in file RTE\Device\EFM32GG980F1024\startup_efm32g.s
      At line 181 in file RTE\Device\EFM32GG980F1024\startup_efm32g.s

USART1_RX_IRQHandler 0000001A

Symbol: USART1_RX_IRQHandler
   Definitions
      At line 221 in file RTE\Device\EFM32GG980F1024\startup_efm32g.s
   Uses
      At line 93 in file RTE\Device\EFM32GG980F1024\startup_efm32g.s
      At line 189 in file RTE\Device\EFM32GG980F1024\startup_efm32g.s

USART1_TX_IRQHandler 0000001A

Symbol: USART1_TX_IRQHandler
   Definitions
      At line 222 in file RTE\Device\EFM32GG980F1024\startup_efm32g.s
   Uses
      At line 94 in file RTE\Device\EFM32GG980F1024\startup_efm32g.s
      At line 190 in file RTE\Device\EFM32GG980F1024\startup_efm32g.s

USART2_RX_IRQHandler 0000001A

Symbol: USART2_RX_IRQHandler
   Definitions
      At line 223 in file RTE\Device\EFM32GG980F1024\startup_efm32g.s
   Uses
      At line 95 in file RTE\Device\EFM32GG980F1024\startup_efm32g.s
      At line 191 in file RTE\Device\EFM32GG980F1024\startup_efm32g.s

USART2_TX_IRQHandler 0000001A

Symbol: USART2_TX_IRQHandler
   Definitions
      At line 224 in file RTE\Device\EFM32GG980F1024\startup_efm32g.s



ARM Macro Assembler    Page 7 Alphabetic symbol ordering
Relocatable symbols

   Uses
      At line 96 in file RTE\Device\EFM32GG980F1024\startup_efm32g.s
      At line 192 in file RTE\Device\EFM32GG980F1024\startup_efm32g.s

UsageFault_Handler 00000010

Symbol: UsageFault_Handler
   Definitions
      At line 154 in file RTE\Device\EFM32GG980F1024\startup_efm32g.s
   Uses
      At line 68 in file RTE\Device\EFM32GG980F1024\startup_efm32g.s
      At line 155 in file RTE\Device\EFM32GG980F1024\startup_efm32g.s

VCMP_IRQHandler 0000001A

Symbol: VCMP_IRQHandler
   Definitions
      At line 235 in file RTE\Device\EFM32GG980F1024\startup_efm32g.s
   Uses
      At line 107 in file RTE\Device\EFM32GG980F1024\startup_efm32g.s
      At line 203 in file RTE\Device\EFM32GG980F1024\startup_efm32g.s

__user_initial_stackheap 0000001C

Symbol: __user_initial_stackheap
   Definitions
      At line 258 in file RTE\Device\EFM32GG980F1024\startup_efm32g.s
   Uses
      At line 256 in file RTE\Device\EFM32GG980F1024\startup_efm32g.s
Comment: __user_initial_stackheap used once
43 symbols



ARM Macro Assembler    Page 1 Alphabetic symbol ordering
Absolute symbols

Heap_Size 00000C00

Symbol: Heap_Size
   Definitions
      At line 43 in file RTE\Device\EFM32GG980F1024\startup_efm32g.s
   Uses
      At line 47 in file RTE\Device\EFM32GG980F1024\startup_efm32g.s
      At line 261 in file RTE\Device\EFM32GG980F1024\startup_efm32g.s

Stack_Size 00000400

Symbol: Stack_Size
   Definitions
      At line 32 in file RTE\Device\EFM32GG980F1024\startup_efm32g.s
   Uses
      At line 35 in file RTE\Device\EFM32GG980F1024\startup_efm32g.s
      At line 260 in file RTE\Device\EFM32GG980F1024\startup_efm32g.s

__Vectors_Size 000000BC

Symbol: __Vectors_Size
   Definitions
      At line 114 in file RTE\Device\EFM32GG980F1024\startup_efm32g.s
   Uses
      At line 60 in file RTE\Device\EFM32GG980F1024\startup_efm32g.s
Comment: __Vectors_Size used once
3 symbols



ARM Macro Assembler    Page 1 Alphabetic symbol ordering
External symbols

SystemInit 00000000

Symbol: SystemInit
   Definitions
      At line 123 in file RTE\Device\EFM32GG980F1024\startup_efm32g.s
   Uses
      At line 125 in file RTE\Device\EFM32GG980F1024\startup_efm32g.s
Comment: SystemInit used once
__main 00000000

Symbol: __main
   Definitions
      At line 124 in file RTE\Device\EFM32GG980F1024\startup_efm32g.s
   Uses
      At line 127 in file RTE\Device\EFM32GG980F1024\startup_efm32g.s
Comment: __main used once
__use_two_region_memory 00000000

Symbol: __use_two_region_memory
   Definitions
      At line 255 in file RTE\Device\EFM32GG980F1024\startup_efm32g.s
   Uses
      None
Comment: __use_two_region_memory unused
3 symbols
397 symbols in table
